<?xml version="1.0" encoding="UTF-8"?>
<!-- Generated by org.testng.reporters.JUnitXMLReporter -->
<testsuite hostname="rising" name="Default test" tests="21" failures="0" timestamp="30 Mar 2019 05:18:51 GMT" time="244.984" errors="0">
  <testcase name="browser_launch" time="43.049" classname="src.department"/>
  <testcase name="companyname" time="2.685" classname="src.department"/>
  <testcase name="lastnamereal" time="1.341" classname="src.department"/>
  <testcase name="firstnamereal" time="0.408" classname="src.department"/>
  <testcase name="ph_number_real" time="2.408" classname="src.department"/>
  <testcase name="email_real" time="2.655" classname="src.department"/>
  <testcase name="password_real" time="2.441" classname="src.department"/>
  <testcase name="confirm_password_real" time="2.397" classname="src.department"/>
  <testcase name="checkbox" time="10.441" classname="src.department"/>
  <testcase name="yopmail" time="66.905" classname="src.department"/>
  <testcase name="admin" time="0.773" classname="src.department"/>
  <testcase name="department1" time="5.299" classname="src.department"/>
  <testcase name="department_submit" time="0.447" classname="src.department"/>
  <testcase name="department_name" time="2.655" classname="src.department"/>
  <testcase name="departmenttcode" time="2.618" classname="src.department"/>
  <testcase name="dept_real" time="7.717" classname="src.department"/>
  <testcase name="dept_edit" time="14.261" classname="src.department"/>
  <testcase name="parent_dept" time="9.866" classname="src.department"/>
  <testcase name="dept_B_delete" time="23.027" classname="src.department"/>
  <testcase name="dept_c_dept" time="36.85" classname="src.department"/>
  <testcase name="dept_download" time="6.629" classname="src.department"/>
</testsuite> <!-- Default test -->
