<?xml version="1.0" encoding="UTF-8"?>
<testng-results skipped="0" failed="0" total="21" passed="21">
  <reporter-output>
  </reporter-output>
  <suite name="Default suite" duration-ms="244984" started-at="2019-03-30T05:14:46Z" finished-at="2019-03-30T05:18:51Z">
    <groups>
    </groups>
    <test name="Default test" duration-ms="244984" started-at="2019-03-30T05:14:46Z" finished-at="2019-03-30T05:18:51Z">
      <class name="src.department">
        <test-method status="PASS" signature="browser_launch()[pri:1, instance:src.department@326de728]" name="browser_launch" duration-ms="43049" started-at="2019-03-30T10:44:46Z" finished-at="2019-03-30T10:45:29Z">
          <reporter-output>
          </reporter-output>
        </test-method> <!-- browser_launch -->
        <test-method status="PASS" signature="companyname()[pri:2, instance:src.department@326de728]" name="companyname" duration-ms="2685" started-at="2019-03-30T10:45:29Z" finished-at="2019-03-30T10:45:32Z">
          <reporter-output>
          </reporter-output>
        </test-method> <!-- companyname -->
        <test-method status="PASS" signature="lastnamereal()[pri:3, instance:src.department@326de728]" name="lastnamereal" duration-ms="1341" started-at="2019-03-30T10:45:32Z" finished-at="2019-03-30T10:45:33Z">
          <reporter-output>
          </reporter-output>
        </test-method> <!-- lastnamereal -->
        <test-method status="PASS" signature="firstnamereal()[pri:4, instance:src.department@326de728]" name="firstnamereal" duration-ms="408" started-at="2019-03-30T10:45:33Z" finished-at="2019-03-30T10:45:34Z">
          <reporter-output>
          </reporter-output>
        </test-method> <!-- firstnamereal -->
        <test-method status="PASS" signature="ph_number_real()[pri:5, instance:src.department@326de728]" name="ph_number_real" duration-ms="2408" started-at="2019-03-30T10:45:34Z" finished-at="2019-03-30T10:45:36Z">
          <reporter-output>
          </reporter-output>
        </test-method> <!-- ph_number_real -->
        <test-method status="PASS" signature="email_real()[pri:6, instance:src.department@326de728]" name="email_real" duration-ms="2655" started-at="2019-03-30T10:45:36Z" finished-at="2019-03-30T10:45:39Z">
          <reporter-output>
          </reporter-output>
        </test-method> <!-- email_real -->
        <test-method status="PASS" signature="password_real()[pri:7, instance:src.department@326de728]" name="password_real" duration-ms="2441" started-at="2019-03-30T10:45:39Z" finished-at="2019-03-30T10:45:41Z">
          <reporter-output>
          </reporter-output>
        </test-method> <!-- password_real -->
        <test-method status="PASS" signature="confirm_password_real()[pri:8, instance:src.department@326de728]" name="confirm_password_real" duration-ms="2397" started-at="2019-03-30T10:45:41Z" finished-at="2019-03-30T10:45:44Z">
          <reporter-output>
          </reporter-output>
        </test-method> <!-- confirm_password_real -->
        <test-method status="PASS" signature="checkbox()[pri:9, instance:src.department@326de728]" name="checkbox" duration-ms="10441" started-at="2019-03-30T10:45:44Z" finished-at="2019-03-30T10:45:54Z">
          <reporter-output>
          </reporter-output>
        </test-method> <!-- checkbox -->
        <test-method status="PASS" signature="yopmail()[pri:10, instance:src.department@326de728]" name="yopmail" duration-ms="66905" started-at="2019-03-30T10:45:54Z" finished-at="2019-03-30T10:47:01Z">
          <reporter-output>
          </reporter-output>
        </test-method> <!-- yopmail -->
        <test-method status="PASS" signature="admin()[pri:12, instance:src.department@326de728]" name="admin" duration-ms="773" started-at="2019-03-30T10:47:01Z" finished-at="2019-03-30T10:47:02Z">
          <reporter-output>
          </reporter-output>
        </test-method> <!-- admin -->
        <test-method status="PASS" signature="department1()[pri:13, instance:src.department@326de728]" name="department1" duration-ms="5299" started-at="2019-03-30T10:47:02Z" finished-at="2019-03-30T10:47:07Z">
          <reporter-output>
          </reporter-output>
        </test-method> <!-- department1 -->
        <test-method status="PASS" signature="department_submit()[pri:14, instance:src.department@326de728]" name="department_submit" duration-ms="447" started-at="2019-03-30T10:47:07Z" finished-at="2019-03-30T10:47:08Z">
          <reporter-output>
          </reporter-output>
        </test-method> <!-- department_submit -->
        <test-method status="PASS" signature="department_name()[pri:15, instance:src.department@326de728]" name="department_name" duration-ms="2655" started-at="2019-03-30T10:47:08Z" finished-at="2019-03-30T10:47:10Z">
          <reporter-output>
          </reporter-output>
        </test-method> <!-- department_name -->
        <test-method status="PASS" signature="departmenttcode()[pri:16, instance:src.department@326de728]" name="departmenttcode" duration-ms="2618" started-at="2019-03-30T10:47:10Z" finished-at="2019-03-30T10:47:13Z">
          <reporter-output>
          </reporter-output>
        </test-method> <!-- departmenttcode -->
        <test-method status="PASS" signature="dept_real()[pri:17, instance:src.department@326de728]" name="dept_real" duration-ms="7717" started-at="2019-03-30T10:47:13Z" finished-at="2019-03-30T10:47:21Z">
          <reporter-output>
          </reporter-output>
        </test-method> <!-- dept_real -->
        <test-method status="PASS" signature="dept_edit()[pri:18, instance:src.department@326de728]" name="dept_edit" duration-ms="14261" started-at="2019-03-30T10:47:21Z" finished-at="2019-03-30T10:47:35Z">
          <reporter-output>
          </reporter-output>
        </test-method> <!-- dept_edit -->
        <test-method status="PASS" signature="parent_dept()[pri:19, instance:src.department@326de728]" name="parent_dept" duration-ms="9866" started-at="2019-03-30T10:47:35Z" finished-at="2019-03-30T10:47:45Z">
          <reporter-output>
          </reporter-output>
        </test-method> <!-- parent_dept -->
        <test-method status="PASS" signature="dept_B_delete()[pri:20, instance:src.department@326de728]" name="dept_B_delete" duration-ms="23027" started-at="2019-03-30T10:47:45Z" finished-at="2019-03-30T10:48:08Z">
          <reporter-output>
          </reporter-output>
        </test-method> <!-- dept_B_delete -->
        <test-method status="PASS" signature="dept_c_dept()[pri:21, instance:src.department@326de728]" name="dept_c_dept" duration-ms="36850" started-at="2019-03-30T10:48:08Z" finished-at="2019-03-30T10:48:45Z">
          <reporter-output>
          </reporter-output>
        </test-method> <!-- dept_c_dept -->
        <test-method status="PASS" signature="dept_download()[pri:22, instance:src.department@326de728]" name="dept_download" duration-ms="6629" started-at="2019-03-30T10:48:45Z" finished-at="2019-03-30T10:48:51Z">
          <reporter-output>
          </reporter-output>
        </test-method> <!-- dept_download -->
      </class> <!-- src.department -->
    </test> <!-- Default test -->
  </suite> <!-- Default suite -->
</testng-results>
