<?xml version="1.0" encoding="UTF-8"?>
<testng-results ignored="0" total="27" passed="25" failed="2" skipped="0">
  <reporter-output>
  </reporter-output>
  <suite started-at="2019-02-26T13:25:50Z" name="Default suite" finished-at="2019-02-26T13:35:09Z" duration-ms="558963">
    <groups>
    </groups>
    <test started-at="2019-02-26T13:25:50Z" name="Default test" finished-at="2019-02-26T13:35:09Z" duration-ms="558963">
      <class name="src.Main_automationpage">
        <test-method signature="browserlaunch()[pri:1, instance:src.Main_automationpage@e4487af]" started-at="2019-02-26T13:25:50Z" name="browserlaunch" finished-at="2019-02-26T13:26:33Z" duration-ms="43385" status="PASS">
          <reporter-output>
          </reporter-output>
        </test-method> <!-- browserlaunch -->
        <test-method signature="checkvalidation()[pri:2, instance:src.Main_automationpage@e4487af]" started-at="2019-02-26T13:26:33Z" name="checkvalidation" finished-at="2019-02-26T13:26:35Z" duration-ms="1024" status="PASS">
          <reporter-output>
          </reporter-output>
        </test-method> <!-- checkvalidation -->
        <test-method signature="companyname()[pri:3, instance:src.Main_automationpage@e4487af]" started-at="2019-02-26T13:26:35Z" name="companyname" finished-at="2019-02-26T13:26:37Z" duration-ms="2497" status="PASS">
          <reporter-output>
          </reporter-output>
        </test-method> <!-- companyname -->
        <test-method signature="lastnamereal()[pri:4, instance:src.Main_automationpage@e4487af]" started-at="2019-02-26T13:26:37Z" name="lastnamereal" finished-at="2019-02-26T13:26:38Z" depends-on-methods="src.Main_automationpage.checkvalidation" duration-ms="1348" status="PASS">
          <reporter-output>
          </reporter-output>
        </test-method> <!-- lastnamereal -->
        <test-method signature="firstnamereal()[pri:5, instance:src.Main_automationpage@e4487af]" started-at="2019-02-26T13:26:38Z" name="firstnamereal" finished-at="2019-02-26T13:26:39Z" depends-on-methods="src.Main_automationpage.checkvalidation" duration-ms="444" status="PASS">
          <reporter-output>
          </reporter-output>
        </test-method> <!-- firstnamereal -->
        <test-method signature="ph_number_real()[pri:6, instance:src.Main_automationpage@e4487af]" started-at="2019-02-26T13:26:39Z" name="ph_number_real" finished-at="2019-02-26T13:26:41Z" depends-on-methods="src.Main_automationpage.checkvalidation" duration-ms="2402" status="PASS">
          <reporter-output>
          </reporter-output>
        </test-method> <!-- ph_number_real -->
        <test-method signature="email_real()[pri:7, instance:src.Main_automationpage@e4487af]" started-at="2019-02-26T13:26:41Z" name="email_real" finished-at="2019-02-26T13:26:44Z" depends-on-methods="src.Main_automationpage.checkvalidation" duration-ms="2713" status="PASS">
          <reporter-output>
          </reporter-output>
        </test-method> <!-- email_real -->
        <test-method signature="password_real()[pri:8, instance:src.Main_automationpage@e4487af]" started-at="2019-02-26T13:26:44Z" name="password_real" finished-at="2019-02-26T13:26:46Z" depends-on-methods="src.Main_automationpage.checkvalidation" duration-ms="2470" status="PASS">
          <reporter-output>
          </reporter-output>
        </test-method> <!-- password_real -->
        <test-method signature="confirm_password_real()[pri:9, instance:src.Main_automationpage@e4487af]" started-at="2019-02-26T13:26:46Z" name="confirm_password_real" finished-at="2019-02-26T13:26:49Z" depends-on-methods="src.Main_automationpage.checkvalidation" duration-ms="2478" status="PASS">
          <reporter-output>
          </reporter-output>
        </test-method> <!-- confirm_password_real -->
        <test-method signature="checkbox()[pri:10, instance:src.Main_automationpage@e4487af]" started-at="2019-02-26T13:26:49Z" name="checkbox" finished-at="2019-02-26T13:26:58Z" depends-on-methods="src.Main_automationpage.checkvalidation" duration-ms="9599" status="PASS">
          <reporter-output>
          </reporter-output>
        </test-method> <!-- checkbox -->
        <test-method signature="yopmail()[pri:11, instance:src.Main_automationpage@e4487af]" started-at="2019-02-26T13:26:58Z" name="yopmail" finished-at="2019-02-26T13:28:02Z" depends-on-methods="src.Main_automationpage.checkvalidation" duration-ms="63393" status="PASS">
          <reporter-output>
          </reporter-output>
        </test-method> <!-- yopmail -->
        <test-method signature="admin()[pri:12, instance:src.Main_automationpage@e4487af]" started-at="2019-02-26T13:28:02Z" name="admin" finished-at="2019-02-26T13:28:03Z" depends-on-methods="src.Main_automationpage.checkvalidation" duration-ms="892" status="PASS">
          <reporter-output>
          </reporter-output>
        </test-method> <!-- admin -->
        <test-method signature="department()[pri:13, instance:src.Main_automationpage@e4487af]" started-at="2019-02-26T13:28:03Z" name="department" finished-at="2019-02-26T13:28:12Z" depends-on-methods="src.Main_automationpage.checkvalidation" duration-ms="9339" status="PASS">
          <reporter-output>
          </reporter-output>
        </test-method> <!-- department -->
        <test-method signature="dept_real()[pri:14, instance:src.Main_automationpage@e4487af]" started-at="2019-02-26T13:28:12Z" name="dept_real" finished-at="2019-02-26T13:28:26Z" depends-on-methods="src.Main_automationpage.department" duration-ms="13591" status="PASS">
          <reporter-output>
          </reporter-output>
        </test-method> <!-- dept_real -->
        <test-method signature="parent_dept()[pri:15, instance:src.Main_automationpage@e4487af]" started-at="2019-02-26T13:28:26Z" name="parent_dept" finished-at="2019-02-26T13:28:31Z" depends-on-methods="src.Main_automationpage.department" duration-ms="5082" status="FAIL">
          <exception class="org.openqa.selenium.NoSuchElementException">
            <message>
              <![CDATA[no such element: Unable to locate element: {"method":"xpath","selector":"//*[@id="wrapper"]/div[5]/div[2]/div/section/div/div/aside/div/ui-view/ui-view/div/div/div/div[2]/a/button"}
  (Session info: chrome=72.0.3626.119)
  (Driver info: chromedriver=2.42.591088 (7b2b2dca23cca0862f674758c9a3933e685c27d5),platform=Windows NT 6.3.9600 x86_64) (WARNING: The server did not provide any stacktrace information)
Command duration or timeout: 0 milliseconds
For documentation on this error, please visit: http://seleniumhq.org/exceptions/no_such_element.html
Build info: version: '3.11.0', revision: 'e59cfb3', time: '2018-03-11T20:33:08.638Z'
System info: host: 'RISING', ip: '192.168.2.7', os.name: 'Windows 8.1', os.arch: 'amd64', os.version: '6.3', java.version: '10.0.1'
Driver info: org.openqa.selenium.chrome.ChromeDriver
Capabilities {acceptInsecureCerts: false, acceptSslCerts: false, applicationCacheEnabled: false, browserConnectionEnabled: false, browserName: chrome, chrome: {chromedriverVersion: 2.42.591088 (7b2b2dca23cca0..., userDataDir: C:\Users\rising1\AppData\Lo...}, cssSelectorsEnabled: true, databaseEnabled: false, goog:chromeOptions: {debuggerAddress: localhost:51136}, handlesAlerts: true, hasTouchScreen: false, javascriptEnabled: true, locationContextEnabled: true, mobileEmulationEnabled: false, nativeEvents: true, networkConnectionEnabled: false, pageLoadStrategy: normal, platform: XP, platformName: XP, rotatable: false, setWindowRect: true, takesHeapSnapshot: true, takesScreenshot: true, unexpectedAlertBehaviour: , unhandledPromptBehavior: , version: 72.0.3626.119, webStorageEnabled: true}
Session ID: 8e50fab23353347f0b1f001bf109bd59
*** Element info: {Using=xpath, value=//*[@id="wrapper"]/div[5]/div[2]/div/section/div/div/aside/div/ui-view/ui-view/div/div/div/div[2]/a/button}]]>
            </message>
            <full-stacktrace>
              <![CDATA[org.openqa.selenium.NoSuchElementException: no such element: Unable to locate element: {"method":"xpath","selector":"//*[@id="wrapper"]/div[5]/div[2]/div/section/div/div/aside/div/ui-view/ui-view/div/div/div/div[2]/a/button"}
  (Session info: chrome=72.0.3626.119)
  (Driver info: chromedriver=2.42.591088 (7b2b2dca23cca0862f674758c9a3933e685c27d5),platform=Windows NT 6.3.9600 x86_64) (WARNING: The server did not provide any stacktrace information)
Command duration or timeout: 0 milliseconds
For documentation on this error, please visit: http://seleniumhq.org/exceptions/no_such_element.html
Build info: version: '3.11.0', revision: 'e59cfb3', time: '2018-03-11T20:33:08.638Z'
System info: host: 'RISING', ip: '192.168.2.7', os.name: 'Windows 8.1', os.arch: 'amd64', os.version: '6.3', java.version: '10.0.1'
Driver info: org.openqa.selenium.chrome.ChromeDriver
Capabilities {acceptInsecureCerts: false, acceptSslCerts: false, applicationCacheEnabled: false, browserConnectionEnabled: false, browserName: chrome, chrome: {chromedriverVersion: 2.42.591088 (7b2b2dca23cca0..., userDataDir: C:\Users\rising1\AppData\Lo...}, cssSelectorsEnabled: true, databaseEnabled: false, goog:chromeOptions: {debuggerAddress: localhost:51136}, handlesAlerts: true, hasTouchScreen: false, javascriptEnabled: true, locationContextEnabled: true, mobileEmulationEnabled: false, nativeEvents: true, networkConnectionEnabled: false, pageLoadStrategy: normal, platform: XP, platformName: XP, rotatable: false, setWindowRect: true, takesHeapSnapshot: true, takesScreenshot: true, unexpectedAlertBehaviour: , unhandledPromptBehavior: , version: 72.0.3626.119, webStorageEnabled: true}
Session ID: 8e50fab23353347f0b1f001bf109bd59
*** Element info: {Using=xpath, value=//*[@id="wrapper"]/div[5]/div[2]/div/section/div/div/aside/div/ui-view/ui-view/div/div/div/div[2]/a/button}
at java.base/jdk.internal.reflect.NativeConstructorAccessorImpl.newInstance0(Native Method)
at java.base/jdk.internal.reflect.NativeConstructorAccessorImpl.newInstance(NativeConstructorAccessorImpl.java:62)
at java.base/jdk.internal.reflect.DelegatingConstructorAccessorImpl.newInstance(DelegatingConstructorAccessorImpl.java:45)
at java.base/java.lang.reflect.Constructor.newInstance(Constructor.java:488)
at org.openqa.selenium.remote.ErrorHandler.createThrowable(ErrorHandler.java:214)
at org.openqa.selenium.remote.ErrorHandler.throwIfResponseFailed(ErrorHandler.java:166)
at org.openqa.selenium.remote.http.JsonHttpResponseCodec.reconstructValue(JsonHttpResponseCodec.java:40)
at org.openqa.selenium.remote.http.AbstractHttpResponseCodec.decode(AbstractHttpResponseCodec.java:80)
at org.openqa.selenium.remote.http.AbstractHttpResponseCodec.decode(AbstractHttpResponseCodec.java:44)
at org.openqa.selenium.remote.HttpCommandExecutor.execute(HttpCommandExecutor.java:158)
at org.openqa.selenium.remote.service.DriverCommandExecutor.execute(DriverCommandExecutor.java:83)
at org.openqa.selenium.remote.RemoteWebDriver.execute(RemoteWebDriver.java:545)
at org.openqa.selenium.remote.RemoteWebDriver.findElement(RemoteWebDriver.java:319)
at org.openqa.selenium.remote.RemoteWebDriver.findElementByXPath(RemoteWebDriver.java:421)
at org.openqa.selenium.By$ByXPath.findElement(By.java:361)
at org.openqa.selenium.remote.RemoteWebDriver.findElement(RemoteWebDriver.java:311)
at src.Main_automationpage.parent_dept(Main_automationpage.java:309)
at java.base/jdk.internal.reflect.NativeMethodAccessorImpl.invoke0(Native Method)
at java.base/jdk.internal.reflect.NativeMethodAccessorImpl.invoke(NativeMethodAccessorImpl.java:62)
at java.base/jdk.internal.reflect.DelegatingMethodAccessorImpl.invoke(DelegatingMethodAccessorImpl.java:43)
at java.base/java.lang.reflect.Method.invoke(Method.java:564)
at org.testng.internal.MethodInvocationHelper.invokeMethod(MethodInvocationHelper.java:124)
at org.testng.internal.Invoker.invokeMethod(Invoker.java:580)
at org.testng.internal.Invoker.invokeTestMethod(Invoker.java:716)
at org.testng.internal.Invoker.invokeTestMethods(Invoker.java:988)
at org.testng.internal.TestMethodWorker.invokeTestMethods(TestMethodWorker.java:125)
at org.testng.internal.TestMethodWorker.run(TestMethodWorker.java:109)
at org.testng.TestRunner.privateRun(TestRunner.java:648)
at org.testng.TestRunner.run(TestRunner.java:505)
at org.testng.SuiteRunner.runTest(SuiteRunner.java:455)
at org.testng.SuiteRunner.runSequentially(SuiteRunner.java:450)
at org.testng.SuiteRunner.privateRun(SuiteRunner.java:415)
at org.testng.SuiteRunner.run(SuiteRunner.java:364)
at org.testng.SuiteRunnerWorker.runSuite(SuiteRunnerWorker.java:52)
at org.testng.SuiteRunnerWorker.run(SuiteRunnerWorker.java:84)
at org.testng.TestNG.runSuitesSequentially(TestNG.java:1208)
at org.testng.TestNG.runSuitesLocally(TestNG.java:1137)
at org.testng.TestNG.runSuites(TestNG.java:1049)
at org.testng.TestNG.run(TestNG.java:1017)
at org.testng.remote.AbstractRemoteTestNG.run(AbstractRemoteTestNG.java:114)
at org.testng.remote.RemoteTestNG.initAndRun(RemoteTestNG.java:251)
at org.testng.remote.RemoteTestNG.main(RemoteTestNG.java:77)
]]>
            </full-stacktrace>
          </exception> <!-- org.openqa.selenium.NoSuchElementException -->
          <reporter-output>
          </reporter-output>
        </test-method> <!-- parent_dept -->
        <test-method signature="dept_c_dept()[pri:16, instance:src.Main_automationpage@e4487af]" started-at="2019-02-26T13:28:31Z" name="dept_c_dept" finished-at="2019-02-26T13:30:41Z" depends-on-methods="src.Main_automationpage.department" duration-ms="130013" status="PASS">
          <reporter-output>
          </reporter-output>
        </test-method> <!-- dept_c_dept -->
        <test-method signature="dept_download()[pri:17, instance:src.Main_automationpage@e4487af]" started-at="2019-02-26T13:30:41Z" name="dept_download" finished-at="2019-02-26T13:30:53Z" depends-on-methods="src.Main_automationpage.checkvalidation" duration-ms="11730" status="PASS">
          <reporter-output>
          </reporter-output>
        </test-method> <!-- dept_download -->
        <test-method signature="position()[pri:18, instance:src.Main_automationpage@e4487af]" started-at="2019-02-26T13:30:53Z" name="position" finished-at="2019-02-26T13:31:17Z" depends-on-methods="src.Main_automationpage.checkvalidation" duration-ms="24788" status="PASS">
          <reporter-output>
          </reporter-output>
        </test-method> <!-- position -->
        <test-method signature="real_position()[pri:19, instance:src.Main_automationpage@e4487af]" started-at="2019-02-26T13:31:17Z" name="real_position" finished-at="2019-02-26T13:32:43Z" depends-on-methods="src.Main_automationpage.checkvalidation" duration-ms="86151" status="PASS">
          <reporter-output>
          </reporter-output>
        </test-method> <!-- real_position -->
        <test-method signature="user_enter()[pri:20, instance:src.Main_automationpage@e4487af]" started-at="2019-02-26T13:32:43Z" name="user_enter" finished-at="2019-02-26T13:32:46Z" depends-on-methods="src.Main_automationpage.checkvalidation" duration-ms="2567" status="PASS">
          <reporter-output>
          </reporter-output>
        </test-method> <!-- user_enter -->
        <test-method signature="User_registarion()[pri:21, instance:src.Main_automationpage@e4487af]" started-at="2019-02-26T13:32:46Z" name="User_registarion" finished-at="2019-02-26T13:32:52Z" depends-on-methods="src.Main_automationpage.checkvalidation" duration-ms="5526" status="PASS">
          <reporter-output>
          </reporter-output>
        </test-method> <!-- User_registarion -->
        <test-method signature="User_submit()[pri:22, instance:src.Main_automationpage@e4487af]" started-at="2019-02-26T13:32:52Z" name="User_submit" finished-at="2019-02-26T13:32:56Z" depends-on-methods="src.Main_automationpage.checkvalidation" duration-ms="4535" status="PASS">
          <reporter-output>
          </reporter-output>
        </test-method> <!-- User_submit -->
        <test-method signature="checkbox_validation()[pri:23, instance:src.Main_automationpage@e4487af]" started-at="2019-02-26T13:32:56Z" name="checkbox_validation" finished-at="2019-02-26T13:33:00Z" depends-on-methods="src.Main_automationpage.checkvalidation" duration-ms="3538" status="PASS">
          <reporter-output>
          </reporter-output>
        </test-method> <!-- checkbox_validation -->
        <test-method signature="Enter_user2_milind()[pri:24, instance:src.Main_automationpage@e4487af]" started-at="2019-02-26T13:33:00Z" name="Enter_user2_milind" finished-at="2019-02-26T13:33:23Z" depends-on-methods="src.Main_automationpage.checkvalidation" duration-ms="23105" status="PASS">
          <reporter-output>
          </reporter-output>
        </test-method> <!-- Enter_user2_milind -->
        <test-method signature="Enter_user2_Karan()[pri:25, instance:src.Main_automationpage@e4487af]" started-at="2019-02-26T13:33:23Z" name="Enter_user2_Karan" finished-at="2019-02-26T13:34:03Z" depends-on-methods="src.Main_automationpage.checkvalidation" duration-ms="40155" status="PASS">
          <reporter-output>
          </reporter-output>
        </test-method> <!-- Enter_user2_Karan -->
        <test-method signature="Enter_user2_bhavik()[pri:26, instance:src.Main_automationpage@e4487af]" started-at="2019-02-26T13:34:03Z" name="Enter_user2_bhavik" finished-at="2019-02-26T13:34:43Z" depends-on-methods="src.Main_automationpage.checkvalidation" duration-ms="39658" status="PASS">
          <reporter-output>
          </reporter-output>
        </test-method> <!-- Enter_user2_bhavik -->
        <test-method signature="user_edit()[pri:27, instance:src.Main_automationpage@e4487af]" started-at="2019-02-26T13:34:43Z" name="user_edit" finished-at="2019-02-26T13:35:09Z" depends-on-methods="src.Main_automationpage.checkvalidation" duration-ms="26396" status="FAIL">
          <exception class="org.openqa.selenium.NoSuchElementException">
            <message>
              <![CDATA[no such element: Unable to locate element: {"method":"xpath","selector":"//*[@id="typeahead-1588-5045-option-0"]/a"}
  (Session info: chrome=72.0.3626.119)
  (Driver info: chromedriver=2.42.591088 (7b2b2dca23cca0862f674758c9a3933e685c27d5),platform=Windows NT 6.3.9600 x86_64) (WARNING: The server did not provide any stacktrace information)
Command duration or timeout: 0 milliseconds
For documentation on this error, please visit: http://seleniumhq.org/exceptions/no_such_element.html
Build info: version: '3.11.0', revision: 'e59cfb3', time: '2018-03-11T20:33:08.638Z'
System info: host: 'RISING', ip: '192.168.2.7', os.name: 'Windows 8.1', os.arch: 'amd64', os.version: '6.3', java.version: '10.0.1'
Driver info: org.openqa.selenium.chrome.ChromeDriver
Capabilities {acceptInsecureCerts: false, acceptSslCerts: false, applicationCacheEnabled: false, browserConnectionEnabled: false, browserName: chrome, chrome: {chromedriverVersion: 2.42.591088 (7b2b2dca23cca0..., userDataDir: C:\Users\rising1\AppData\Lo...}, cssSelectorsEnabled: true, databaseEnabled: false, goog:chromeOptions: {debuggerAddress: localhost:51136}, handlesAlerts: true, hasTouchScreen: false, javascriptEnabled: true, locationContextEnabled: true, mobileEmulationEnabled: false, nativeEvents: true, networkConnectionEnabled: false, pageLoadStrategy: normal, platform: XP, platformName: XP, rotatable: false, setWindowRect: true, takesHeapSnapshot: true, takesScreenshot: true, unexpectedAlertBehaviour: , unhandledPromptBehavior: , version: 72.0.3626.119, webStorageEnabled: true}
Session ID: 8e50fab23353347f0b1f001bf109bd59
*** Element info: {Using=xpath, value=//*[@id="typeahead-1588-5045-option-0"]/a}]]>
            </message>
            <full-stacktrace>
              <![CDATA[org.openqa.selenium.NoSuchElementException: no such element: Unable to locate element: {"method":"xpath","selector":"//*[@id="typeahead-1588-5045-option-0"]/a"}
  (Session info: chrome=72.0.3626.119)
  (Driver info: chromedriver=2.42.591088 (7b2b2dca23cca0862f674758c9a3933e685c27d5),platform=Windows NT 6.3.9600 x86_64) (WARNING: The server did not provide any stacktrace information)
Command duration or timeout: 0 milliseconds
For documentation on this error, please visit: http://seleniumhq.org/exceptions/no_such_element.html
Build info: version: '3.11.0', revision: 'e59cfb3', time: '2018-03-11T20:33:08.638Z'
System info: host: 'RISING', ip: '192.168.2.7', os.name: 'Windows 8.1', os.arch: 'amd64', os.version: '6.3', java.version: '10.0.1'
Driver info: org.openqa.selenium.chrome.ChromeDriver
Capabilities {acceptInsecureCerts: false, acceptSslCerts: false, applicationCacheEnabled: false, browserConnectionEnabled: false, browserName: chrome, chrome: {chromedriverVersion: 2.42.591088 (7b2b2dca23cca0..., userDataDir: C:\Users\rising1\AppData\Lo...}, cssSelectorsEnabled: true, databaseEnabled: false, goog:chromeOptions: {debuggerAddress: localhost:51136}, handlesAlerts: true, hasTouchScreen: false, javascriptEnabled: true, locationContextEnabled: true, mobileEmulationEnabled: false, nativeEvents: true, networkConnectionEnabled: false, pageLoadStrategy: normal, platform: XP, platformName: XP, rotatable: false, setWindowRect: true, takesHeapSnapshot: true, takesScreenshot: true, unexpectedAlertBehaviour: , unhandledPromptBehavior: , version: 72.0.3626.119, webStorageEnabled: true}
Session ID: 8e50fab23353347f0b1f001bf109bd59
*** Element info: {Using=xpath, value=//*[@id="typeahead-1588-5045-option-0"]/a}
at java.base/jdk.internal.reflect.NativeConstructorAccessorImpl.newInstance0(Native Method)
at java.base/jdk.internal.reflect.NativeConstructorAccessorImpl.newInstance(NativeConstructorAccessorImpl.java:62)
at java.base/jdk.internal.reflect.DelegatingConstructorAccessorImpl.newInstance(DelegatingConstructorAccessorImpl.java:45)
at java.base/java.lang.reflect.Constructor.newInstance(Constructor.java:488)
at org.openqa.selenium.remote.ErrorHandler.createThrowable(ErrorHandler.java:214)
at org.openqa.selenium.remote.ErrorHandler.throwIfResponseFailed(ErrorHandler.java:166)
at org.openqa.selenium.remote.http.JsonHttpResponseCodec.reconstructValue(JsonHttpResponseCodec.java:40)
at org.openqa.selenium.remote.http.AbstractHttpResponseCodec.decode(AbstractHttpResponseCodec.java:80)
at org.openqa.selenium.remote.http.AbstractHttpResponseCodec.decode(AbstractHttpResponseCodec.java:44)
at org.openqa.selenium.remote.HttpCommandExecutor.execute(HttpCommandExecutor.java:158)
at org.openqa.selenium.remote.service.DriverCommandExecutor.execute(DriverCommandExecutor.java:83)
at org.openqa.selenium.remote.RemoteWebDriver.execute(RemoteWebDriver.java:545)
at org.openqa.selenium.remote.RemoteWebDriver.findElement(RemoteWebDriver.java:319)
at org.openqa.selenium.remote.RemoteWebDriver.findElementByXPath(RemoteWebDriver.java:421)
at org.openqa.selenium.By$ByXPath.findElement(By.java:361)
at org.openqa.selenium.remote.RemoteWebDriver.findElement(RemoteWebDriver.java:311)
at src.Main_automationpage.user_edit(Main_automationpage.java:837)
at java.base/jdk.internal.reflect.NativeMethodAccessorImpl.invoke0(Native Method)
at java.base/jdk.internal.reflect.NativeMethodAccessorImpl.invoke(NativeMethodAccessorImpl.java:62)
at java.base/jdk.internal.reflect.DelegatingMethodAccessorImpl.invoke(DelegatingMethodAccessorImpl.java:43)
at java.base/java.lang.reflect.Method.invoke(Method.java:564)
at org.testng.internal.MethodInvocationHelper.invokeMethod(MethodInvocationHelper.java:124)
at org.testng.internal.Invoker.invokeMethod(Invoker.java:580)
at org.testng.internal.Invoker.invokeTestMethod(Invoker.java:716)
at org.testng.internal.Invoker.invokeTestMethods(Invoker.java:988)
at org.testng.internal.TestMethodWorker.invokeTestMethods(TestMethodWorker.java:125)
at org.testng.internal.TestMethodWorker.run(TestMethodWorker.java:109)
at org.testng.TestRunner.privateRun(TestRunner.java:648)
at org.testng.TestRunner.run(TestRunner.java:505)
at org.testng.SuiteRunner.runTest(SuiteRunner.java:455)
at org.testng.SuiteRunner.runSequentially(SuiteRunner.java:450)
at org.testng.SuiteRunner.privateRun(SuiteRunner.java:415)
at org.testng.SuiteRunner.run(SuiteRunner.java:364)
at org.testng.SuiteRunnerWorker.runSuite(SuiteRunnerWorker.java:52)
at org.testng.SuiteRunnerWorker.run(SuiteRunnerWorker.java:84)
at org.testng.TestNG.runSuitesSequentially(TestNG.java:1208)
at org.testng.TestNG.runSuitesLocally(TestNG.java:1137)
at org.testng.TestNG.runSuites(TestNG.java:1049)
at org.testng.TestNG.run(TestNG.java:1017)
at org.testng.remote.AbstractRemoteTestNG.run(AbstractRemoteTestNG.java:114)
at org.testng.remote.RemoteTestNG.initAndRun(RemoteTestNG.java:251)
at org.testng.remote.RemoteTestNG.main(RemoteTestNG.java:77)
]]>
            </full-stacktrace>
          </exception> <!-- org.openqa.selenium.NoSuchElementException -->
          <reporter-output>
          </reporter-output>
        </test-method> <!-- user_edit -->
      </class> <!-- src.Main_automationpage -->
    </test> <!-- Default test -->
  </suite> <!-- Default suite -->
</testng-results>
