<?xml version="1.0" encoding="UTF-8"?>
<testng-results ignored="0" total="16" passed="16" failed="0" skipped="0">
  <reporter-output>
  </reporter-output>
  <suite started-at="2019-02-26T10:21:34Z" name="Default suite" finished-at="2019-02-26T10:25:15Z" duration-ms="220675">
    <groups>
    </groups>
    <test started-at="2019-02-26T10:21:34Z" name="Default test" finished-at="2019-02-26T10:25:15Z" duration-ms="220675">
      <class name="src.User_registration">
        <test-method signature="browserlaunch()[pri:1, instance:src.User_registration@192c3f1e]" started-at="2019-02-26T10:21:34Z" name="browserlaunch" finished-at="2019-02-26T10:22:46Z" duration-ms="72287" status="PASS">
          <reporter-output>
          </reporter-output>
        </test-method> <!-- browserlaunch -->
        <test-method signature="checkvalidation()[pri:2, instance:src.User_registration@192c3f1e]" started-at="2019-02-26T10:22:46Z" name="checkvalidation" finished-at="2019-02-26T10:22:48Z" duration-ms="1213" status="PASS">
          <reporter-output>
          </reporter-output>
        </test-method> <!-- checkvalidation -->
        <test-method signature="companyname()[pri:3, instance:src.User_registration@192c3f1e]" started-at="2019-02-26T10:22:48Z" name="companyname" finished-at="2019-02-26T10:22:50Z" duration-ms="2537" status="PASS">
          <reporter-output>
          </reporter-output>
        </test-method> <!-- companyname -->
        <test-method signature="lastnamereal()[pri:4, instance:src.User_registration@192c3f1e]" started-at="2019-02-26T10:22:50Z" name="lastnamereal" finished-at="2019-02-26T10:22:51Z" depends-on-methods="src.User_registration.checkvalidation" duration-ms="388" status="PASS">
          <reporter-output>
          </reporter-output>
        </test-method> <!-- lastnamereal -->
        <test-method signature="firstnamereal()[pri:5, instance:src.User_registration@192c3f1e]" started-at="2019-02-26T10:22:51Z" name="firstnamereal" finished-at="2019-02-26T10:22:51Z" depends-on-methods="src.User_registration.checkvalidation" duration-ms="446" status="PASS">
          <reporter-output>
          </reporter-output>
        </test-method> <!-- firstnamereal -->
        <test-method signature="ph_number_real()[pri:6, instance:src.User_registration@192c3f1e]" started-at="2019-02-26T10:22:51Z" name="ph_number_real" finished-at="2019-02-26T10:22:52Z" depends-on-methods="src.User_registration.checkvalidation" duration-ms="481" status="PASS">
          <reporter-output>
          </reporter-output>
        </test-method> <!-- ph_number_real -->
        <test-method signature="email_real()[pri:7, instance:src.User_registration@192c3f1e]" started-at="2019-02-26T10:22:52Z" name="email_real" finished-at="2019-02-26T10:22:54Z" depends-on-methods="src.User_registration.checkvalidation" duration-ms="2883" status="PASS">
          <reporter-output>
          </reporter-output>
        </test-method> <!-- email_real -->
        <test-method signature="password_real()[pri:8, instance:src.User_registration@192c3f1e]" started-at="2019-02-26T10:22:54Z" name="password_real" finished-at="2019-02-26T10:22:57Z" depends-on-methods="src.User_registration.checkvalidation" duration-ms="2546" status="PASS">
          <reporter-output>
          </reporter-output>
        </test-method> <!-- password_real -->
        <test-method signature="confirm_password_real()[pri:9, instance:src.User_registration@192c3f1e]" started-at="2019-02-26T10:22:57Z" name="confirm_password_real" finished-at="2019-02-26T10:23:00Z" depends-on-methods="src.User_registration.checkvalidation" duration-ms="2551" status="PASS">
          <reporter-output>
          </reporter-output>
        </test-method> <!-- confirm_password_real -->
        <test-method signature="checkbox()[pri:10, instance:src.User_registration@192c3f1e]" started-at="2019-02-26T10:23:00Z" name="checkbox" finished-at="2019-02-26T10:23:09Z" depends-on-methods="src.User_registration.checkvalidation" duration-ms="9148" status="PASS">
          <reporter-output>
          </reporter-output>
        </test-method> <!-- checkbox -->
        <test-method signature="yopmail()[pri:11, instance:src.User_registration@192c3f1e]" started-at="2019-02-26T10:23:09Z" name="yopmail" finished-at="2019-02-26T10:24:45Z" depends-on-methods="src.User_registration.checkvalidation" duration-ms="95954" status="PASS">
          <reporter-output>
          </reporter-output>
        </test-method> <!-- yopmail -->
        <test-method signature="admin()[pri:12, instance:src.User_registration@192c3f1e]" started-at="2019-02-26T10:24:45Z" name="admin" finished-at="2019-02-26T10:24:46Z" depends-on-methods="src.User_registration.checkvalidation" duration-ms="1003" status="PASS">
          <reporter-output>
          </reporter-output>
        </test-method> <!-- admin -->
        <test-method signature="position()[pri:13, instance:src.User_registration@192c3f1e]" started-at="2019-02-26T10:24:46Z" name="position" finished-at="2019-02-26T10:24:53Z" depends-on-methods="src.User_registration.checkvalidation" duration-ms="6960" status="PASS">
          <reporter-output>
          </reporter-output>
        </test-method> <!-- position -->
        <test-method signature="User_submit()[pri:14, instance:src.User_registration@192c3f1e]" started-at="2019-02-26T10:24:53Z" name="User_submit" finished-at="2019-02-26T10:24:58Z" depends-on-methods="src.User_registration.checkvalidation" duration-ms="5185" status="PASS">
          <reporter-output>
          </reporter-output>
        </test-method> <!-- User_submit -->
        <test-method signature="checkbox_validation()[pri:14, instance:src.User_registration@192c3f1e]" started-at="2019-02-26T10:24:58Z" name="checkbox_validation" finished-at="2019-02-26T10:25:02Z" depends-on-methods="src.User_registration.checkvalidation" duration-ms="3725" status="PASS">
          <reporter-output>
          </reporter-output>
        </test-method> <!-- checkbox_validation -->
        <test-method signature="Enter_user_2()[pri:15, instance:src.User_registration@192c3f1e]" started-at="2019-02-26T10:25:02Z" name="Enter_user_2" finished-at="2019-02-26T10:25:15Z" depends-on-methods="src.User_registration.checkvalidation" duration-ms="13200" status="PASS">
          <reporter-output>
          </reporter-output>
        </test-method> <!-- Enter_user_2 -->
      </class> <!-- src.User_registration -->
    </test> <!-- Default test -->
  </suite> <!-- Default suite -->
</testng-results>
