<?xml version="1.0" encoding="UTF-8"?>
<testng-results ignored="0" total="28" passed="28" failed="0" skipped="0">
  <reporter-output>
  </reporter-output>
  <suite started-at="2019-02-26T13:44:55Z" name="Default suite" finished-at="2019-02-26T13:55:26Z" duration-ms="630992">
    <groups>
    </groups>
    <test started-at="2019-02-26T13:44:55Z" name="Default test" finished-at="2019-02-26T13:55:26Z" duration-ms="630992">
      <class name="src.Main_automationpage">
        <test-method signature="browserlaunch()[pri:1, instance:src.Main_automationpage@6aaceffd]" started-at="2019-02-26T13:44:55Z" name="browserlaunch" finished-at="2019-02-26T13:45:38Z" duration-ms="43392" status="PASS">
          <reporter-output>
          </reporter-output>
        </test-method> <!-- browserlaunch -->
        <test-method signature="checkvalidation()[pri:2, instance:src.Main_automationpage@6aaceffd]" started-at="2019-02-26T13:45:38Z" name="checkvalidation" finished-at="2019-02-26T13:45:40Z" duration-ms="1607" status="PASS">
          <reporter-output>
          </reporter-output>
        </test-method> <!-- checkvalidation -->
        <test-method signature="companyname()[pri:3, instance:src.Main_automationpage@6aaceffd]" started-at="2019-02-26T13:45:40Z" name="companyname" finished-at="2019-02-26T13:45:43Z" duration-ms="2518" status="PASS">
          <reporter-output>
          </reporter-output>
        </test-method> <!-- companyname -->
        <test-method signature="lastnamereal()[pri:4, instance:src.Main_automationpage@6aaceffd]" started-at="2019-02-26T13:45:43Z" name="lastnamereal" finished-at="2019-02-26T13:45:44Z" depends-on-methods="src.Main_automationpage.checkvalidation" duration-ms="1348" status="PASS">
          <reporter-output>
          </reporter-output>
        </test-method> <!-- lastnamereal -->
        <test-method signature="firstnamereal()[pri:5, instance:src.Main_automationpage@6aaceffd]" started-at="2019-02-26T13:45:44Z" name="firstnamereal" finished-at="2019-02-26T13:45:44Z" depends-on-methods="src.Main_automationpage.checkvalidation" duration-ms="400" status="PASS">
          <reporter-output>
          </reporter-output>
        </test-method> <!-- firstnamereal -->
        <test-method signature="ph_number_real()[pri:6, instance:src.Main_automationpage@6aaceffd]" started-at="2019-02-26T13:45:44Z" name="ph_number_real" finished-at="2019-02-26T13:45:47Z" depends-on-methods="src.Main_automationpage.checkvalidation" duration-ms="2388" status="PASS">
          <reporter-output>
          </reporter-output>
        </test-method> <!-- ph_number_real -->
        <test-method signature="email_real()[pri:7, instance:src.Main_automationpage@6aaceffd]" started-at="2019-02-26T13:45:47Z" name="email_real" finished-at="2019-02-26T13:45:49Z" depends-on-methods="src.Main_automationpage.checkvalidation" duration-ms="2731" status="PASS">
          <reporter-output>
          </reporter-output>
        </test-method> <!-- email_real -->
        <test-method signature="password_real()[pri:8, instance:src.Main_automationpage@6aaceffd]" started-at="2019-02-26T13:45:49Z" name="password_real" finished-at="2019-02-26T13:45:52Z" depends-on-methods="src.Main_automationpage.checkvalidation" duration-ms="2483" status="PASS">
          <reporter-output>
          </reporter-output>
        </test-method> <!-- password_real -->
        <test-method signature="confirm_password_real()[pri:9, instance:src.Main_automationpage@6aaceffd]" started-at="2019-02-26T13:45:52Z" name="confirm_password_real" finished-at="2019-02-26T13:45:54Z" depends-on-methods="src.Main_automationpage.checkvalidation" duration-ms="2525" status="PASS">
          <reporter-output>
          </reporter-output>
        </test-method> <!-- confirm_password_real -->
        <test-method signature="checkbox()[pri:10, instance:src.Main_automationpage@6aaceffd]" started-at="2019-02-26T13:45:54Z" name="checkbox" finished-at="2019-02-26T13:46:02Z" depends-on-methods="src.Main_automationpage.checkvalidation" duration-ms="7971" status="PASS">
          <reporter-output>
          </reporter-output>
        </test-method> <!-- checkbox -->
        <test-method signature="yopmail()[pri:11, instance:src.Main_automationpage@6aaceffd]" started-at="2019-02-26T13:46:02Z" name="yopmail" finished-at="2019-02-26T13:47:07Z" depends-on-methods="src.Main_automationpage.checkvalidation" duration-ms="64219" status="PASS">
          <reporter-output>
          </reporter-output>
        </test-method> <!-- yopmail -->
        <test-method signature="admin()[pri:12, instance:src.Main_automationpage@6aaceffd]" started-at="2019-02-26T13:47:07Z" name="admin" finished-at="2019-02-26T13:47:08Z" depends-on-methods="src.Main_automationpage.checkvalidation" duration-ms="1051" status="PASS">
          <reporter-output>
          </reporter-output>
        </test-method> <!-- admin -->
        <test-method signature="department()[pri:13, instance:src.Main_automationpage@6aaceffd]" started-at="2019-02-26T13:47:08Z" name="department" finished-at="2019-02-26T13:47:27Z" depends-on-methods="src.Main_automationpage.checkvalidation" duration-ms="19240" status="PASS">
          <reporter-output>
          </reporter-output>
        </test-method> <!-- department -->
        <test-method signature="dept_real()[pri:14, instance:src.Main_automationpage@6aaceffd]" started-at="2019-02-26T13:47:27Z" name="dept_real" finished-at="2019-02-26T13:47:46Z" depends-on-methods="src.Main_automationpage.department" duration-ms="18982" status="PASS">
          <reporter-output>
          </reporter-output>
        </test-method> <!-- dept_real -->
        <test-method signature="parent_dept()[pri:15, instance:src.Main_automationpage@6aaceffd]" started-at="2019-02-26T13:47:46Z" name="parent_dept" finished-at="2019-02-26T13:48:18Z" depends-on-methods="src.Main_automationpage.department" duration-ms="31938" status="PASS">
          <reporter-output>
          </reporter-output>
        </test-method> <!-- parent_dept -->
        <test-method signature="dept_c_dept()[pri:16, instance:src.Main_automationpage@6aaceffd]" started-at="2019-02-26T13:48:18Z" name="dept_c_dept" finished-at="2019-02-26T13:50:33Z" depends-on-methods="src.Main_automationpage.department" duration-ms="135440" status="PASS">
          <reporter-output>
          </reporter-output>
        </test-method> <!-- dept_c_dept -->
        <test-method signature="dept_download()[pri:17, instance:src.Main_automationpage@6aaceffd]" started-at="2019-02-26T13:50:33Z" name="dept_download" finished-at="2019-02-26T13:50:45Z" depends-on-methods="src.Main_automationpage.checkvalidation" duration-ms="11876" status="PASS">
          <reporter-output>
          </reporter-output>
        </test-method> <!-- dept_download -->
        <test-method signature="position()[pri:18, instance:src.Main_automationpage@6aaceffd]" started-at="2019-02-26T13:50:45Z" name="position" finished-at="2019-02-26T13:51:10Z" depends-on-methods="src.Main_automationpage.checkvalidation" duration-ms="24997" status="PASS">
          <reporter-output>
          </reporter-output>
        </test-method> <!-- position -->
        <test-method signature="real_position()[pri:19, instance:src.Main_automationpage@6aaceffd]" started-at="2019-02-26T13:51:10Z" name="real_position" finished-at="2019-02-26T13:52:36Z" depends-on-methods="src.Main_automationpage.checkvalidation" duration-ms="86269" status="PASS">
          <reporter-output>
          </reporter-output>
        </test-method> <!-- real_position -->
        <test-method signature="user_enter()[pri:20, instance:src.Main_automationpage@6aaceffd]" started-at="2019-02-26T13:52:36Z" name="user_enter" finished-at="2019-02-26T13:52:39Z" depends-on-methods="src.Main_automationpage.checkvalidation" duration-ms="2551" status="PASS">
          <reporter-output>
          </reporter-output>
        </test-method> <!-- user_enter -->
        <test-method signature="User_registarion()[pri:21, instance:src.Main_automationpage@6aaceffd]" started-at="2019-02-26T13:52:39Z" name="User_registarion" finished-at="2019-02-26T13:52:45Z" depends-on-methods="src.Main_automationpage.checkvalidation" duration-ms="5572" status="PASS">
          <reporter-output>
          </reporter-output>
        </test-method> <!-- User_registarion -->
        <test-method signature="User_submit()[pri:22, instance:src.Main_automationpage@6aaceffd]" started-at="2019-02-26T13:52:45Z" name="User_submit" finished-at="2019-02-26T13:52:49Z" depends-on-methods="src.Main_automationpage.checkvalidation" duration-ms="4790" status="PASS">
          <reporter-output>
          </reporter-output>
        </test-method> <!-- User_submit -->
        <test-method signature="checkbox_validation()[pri:23, instance:src.Main_automationpage@6aaceffd]" started-at="2019-02-26T13:52:49Z" name="checkbox_validation" finished-at="2019-02-26T13:52:53Z" depends-on-methods="src.Main_automationpage.checkvalidation" duration-ms="3562" status="PASS">
          <reporter-output>
          </reporter-output>
        </test-method> <!-- checkbox_validation -->
        <test-method signature="Enter_user2_milind()[pri:24, instance:src.Main_automationpage@6aaceffd]" started-at="2019-02-26T13:52:53Z" name="Enter_user2_milind" finished-at="2019-02-26T13:53:16Z" depends-on-methods="src.Main_automationpage.checkvalidation" duration-ms="23397" status="PASS">
          <reporter-output>
          </reporter-output>
        </test-method> <!-- Enter_user2_milind -->
        <test-method signature="Enter_user2_Karan()[pri:25, instance:src.Main_automationpage@6aaceffd]" started-at="2019-02-26T13:53:16Z" name="Enter_user2_Karan" finished-at="2019-02-26T13:53:57Z" depends-on-methods="src.Main_automationpage.checkvalidation" duration-ms="40232" status="PASS">
          <reporter-output>
          </reporter-output>
        </test-method> <!-- Enter_user2_Karan -->
        <test-method signature="Enter_user2_bhavik()[pri:26, instance:src.Main_automationpage@6aaceffd]" started-at="2019-02-26T13:53:57Z" name="Enter_user2_bhavik" finished-at="2019-02-26T13:54:36Z" depends-on-methods="src.Main_automationpage.checkvalidation" duration-ms="39756" status="PASS">
          <reporter-output>
          </reporter-output>
        </test-method> <!-- Enter_user2_bhavik -->
        <test-method signature="Enter_user2_test()[pri:27, instance:src.Main_automationpage@6aaceffd]" started-at="2019-02-26T13:54:36Z" name="Enter_user2_test" finished-at="2019-02-26T13:55:01Z" depends-on-methods="src.Main_automationpage.checkvalidation" duration-ms="25022" status="PASS">
          <reporter-output>
          </reporter-output>
        </test-method> <!-- Enter_user2_test -->
        <test-method signature="user_chandni_edit()[pri:27, instance:src.Main_automationpage@6aaceffd]" started-at="2019-02-26T13:55:01Z" name="user_chandni_edit" finished-at="2019-02-26T13:55:26Z" depends-on-methods="src.Main_automationpage.checkvalidation" duration-ms="24591" status="PASS">
          <reporter-output>
          </reporter-output>
        </test-method> <!-- user_chandni_edit -->
      </class> <!-- src.Main_automationpage -->
    </test> <!-- Default test -->
  </suite> <!-- Default suite -->
</testng-results>
