<?xml version="1.0" encoding="UTF-8"?>
<testng-results skipped="0" failed="1" total="12" passed="11">
  <reporter-output>
  </reporter-output>
  <suite name="Default suite" duration-ms="233725" started-at="2019-03-14T13:14:55Z" finished-at="2019-03-14T13:18:49Z">
    <groups>
    </groups>
    <test name="Default test" duration-ms="233725" started-at="2019-03-14T13:14:55Z" finished-at="2019-03-14T13:18:49Z">
      <class name="src.User_registration">
        <test-method status="PASS" signature="browser_launch()[pri:1, instance:src.User_registration@326de728]" name="browser_launch" duration-ms="44776" started-at="2019-03-14T18:44:55Z" finished-at="2019-03-14T18:45:40Z">
          <reporter-output>
          </reporter-output>
        </test-method> <!-- browser_launch -->
        <test-method status="PASS" signature="companyname()[pri:2, instance:src.User_registration@326de728]" name="companyname" duration-ms="2709" started-at="2019-03-14T18:45:40Z" finished-at="2019-03-14T18:45:43Z">
          <reporter-output>
          </reporter-output>
        </test-method> <!-- companyname -->
        <test-method status="PASS" signature="lastnamereal()[pri:3, instance:src.User_registration@326de728]" name="lastnamereal" duration-ms="1348" started-at="2019-03-14T18:45:43Z" finished-at="2019-03-14T18:45:44Z">
          <reporter-output>
          </reporter-output>
        </test-method> <!-- lastnamereal -->
        <test-method status="PASS" signature="firstnamereal()[pri:4, instance:src.User_registration@326de728]" name="firstnamereal" duration-ms="479" started-at="2019-03-14T18:45:44Z" finished-at="2019-03-14T18:45:44Z">
          <reporter-output>
          </reporter-output>
        </test-method> <!-- firstnamereal -->
        <test-method status="PASS" signature="ph_number_real()[pri:5, instance:src.User_registration@326de728]" name="ph_number_real" duration-ms="2575" started-at="2019-03-14T18:45:44Z" finished-at="2019-03-14T18:45:47Z">
          <reporter-output>
          </reporter-output>
        </test-method> <!-- ph_number_real -->
        <test-method status="PASS" signature="email_real()[pri:6, instance:src.User_registration@326de728]" name="email_real" duration-ms="2763" started-at="2019-03-14T18:45:47Z" finished-at="2019-03-14T18:45:50Z">
          <reporter-output>
          </reporter-output>
        </test-method> <!-- email_real -->
        <test-method status="PASS" signature="password_real()[pri:7, instance:src.User_registration@326de728]" name="password_real" duration-ms="2426" started-at="2019-03-14T18:45:50Z" finished-at="2019-03-14T18:45:52Z">
          <reporter-output>
          </reporter-output>
        </test-method> <!-- password_real -->
        <test-method status="PASS" signature="confirm_password_real()[pri:8, instance:src.User_registration@326de728]" name="confirm_password_real" duration-ms="2473" started-at="2019-03-14T18:45:52Z" finished-at="2019-03-14T18:45:55Z">
          <reporter-output>
          </reporter-output>
        </test-method> <!-- confirm_password_real -->
        <test-method status="PASS" signature="checkbox()[pri:9, instance:src.User_registration@326de728]" name="checkbox" duration-ms="9139" started-at="2019-03-14T18:45:55Z" finished-at="2019-03-14T18:46:04Z">
          <reporter-output>
          </reporter-output>
        </test-method> <!-- checkbox -->
        <test-method status="PASS" signature="yopmail()[pri:10, instance:src.User_registration@326de728]" name="yopmail" duration-ms="69116" started-at="2019-03-14T18:46:04Z" finished-at="2019-03-14T18:47:13Z">
          <reporter-output>
          </reporter-output>
        </test-method> <!-- yopmail -->
        <test-method status="PASS" signature="admin()[pri:12, instance:src.User_registration@326de728]" name="admin" duration-ms="3153" started-at="2019-03-14T18:47:13Z" finished-at="2019-03-14T18:47:16Z">
          <reporter-output>
          </reporter-output>
        </test-method> <!-- admin -->
        <test-method status="FAIL" signature="user()[pri:13, instance:src.User_registration@326de728]" name="user" duration-ms="92664" started-at="2019-03-14T18:47:16Z" finished-at="2019-03-14T18:48:49Z">
          <exception class="org.openqa.selenium.NoSuchElementException">
            <message>
              <![CDATA[no such element: Unable to locate element: {"method":"class name","selector":"alertOut"}
  (Session info: chrome=72.0.3626.121)
  (Driver info: chromedriver=2.42.591088 (7b2b2dca23cca0862f674758c9a3933e685c27d5),platform=Windows NT 6.3.9600 x86_64) (WARNING: The server did not provide any stacktrace information)
Command duration or timeout: 0 milliseconds
For documentation on this error, please visit: http://seleniumhq.org/exceptions/no_such_element.html
Build info: version: '3.11.0', revision: 'e59cfb3', time: '2018-03-11T20:33:08.638Z'
System info: host: 'RISING', ip: '192.168.2.7', os.name: 'Windows 8.1', os.arch: 'amd64', os.version: '6.3', java.version: '1.8.0_202'
Driver info: org.openqa.selenium.chrome.ChromeDriver
Capabilities {acceptInsecureCerts: false, acceptSslCerts: false, applicationCacheEnabled: false, browserConnectionEnabled: false, browserName: chrome, chrome: {chromedriverVersion: 2.42.591088 (7b2b2dca23cca0..., userDataDir: C:\Users\rising1\AppData\Lo...}, cssSelectorsEnabled: true, databaseEnabled: false, goog:chromeOptions: {debuggerAddress: localhost:60143}, handlesAlerts: true, hasTouchScreen: false, javascriptEnabled: true, locationContextEnabled: true, mobileEmulationEnabled: false, nativeEvents: true, networkConnectionEnabled: false, pageLoadStrategy: normal, platform: XP, platformName: XP, rotatable: false, setWindowRect: true, takesHeapSnapshot: true, takesScreenshot: true, unexpectedAlertBehaviour: , unhandledPromptBehavior: , version: 72.0.3626.121, webStorageEnabled: true}
Session ID: c702c7166312518d8fff7fe9beee779e
*** Element info: {Using=class name, value=alertOut}]]>
            </message>
            <full-stacktrace>
              <![CDATA[org.openqa.selenium.NoSuchElementException: no such element: Unable to locate element: {"method":"class name","selector":"alertOut"}
  (Session info: chrome=72.0.3626.121)
  (Driver info: chromedriver=2.42.591088 (7b2b2dca23cca0862f674758c9a3933e685c27d5),platform=Windows NT 6.3.9600 x86_64) (WARNING: The server did not provide any stacktrace information)
Command duration or timeout: 0 milliseconds
For documentation on this error, please visit: http://seleniumhq.org/exceptions/no_such_element.html
Build info: version: '3.11.0', revision: 'e59cfb3', time: '2018-03-11T20:33:08.638Z'
System info: host: 'RISING', ip: '192.168.2.7', os.name: 'Windows 8.1', os.arch: 'amd64', os.version: '6.3', java.version: '1.8.0_202'
Driver info: org.openqa.selenium.chrome.ChromeDriver
Capabilities {acceptInsecureCerts: false, acceptSslCerts: false, applicationCacheEnabled: false, browserConnectionEnabled: false, browserName: chrome, chrome: {chromedriverVersion: 2.42.591088 (7b2b2dca23cca0..., userDataDir: C:\Users\rising1\AppData\Lo...}, cssSelectorsEnabled: true, databaseEnabled: false, goog:chromeOptions: {debuggerAddress: localhost:60143}, handlesAlerts: true, hasTouchScreen: false, javascriptEnabled: true, locationContextEnabled: true, mobileEmulationEnabled: false, nativeEvents: true, networkConnectionEnabled: false, pageLoadStrategy: normal, platform: XP, platformName: XP, rotatable: false, setWindowRect: true, takesHeapSnapshot: true, takesScreenshot: true, unexpectedAlertBehaviour: , unhandledPromptBehavior: , version: 72.0.3626.121, webStorageEnabled: true}
Session ID: c702c7166312518d8fff7fe9beee779e
*** Element info: {Using=class name, value=alertOut}
	at sun.reflect.NativeConstructorAccessorImpl.newInstance0(Native Method)
	at sun.reflect.NativeConstructorAccessorImpl.newInstance(Unknown Source)
	at sun.reflect.DelegatingConstructorAccessorImpl.newInstance(Unknown Source)
	at java.lang.reflect.Constructor.newInstance(Unknown Source)
	at org.openqa.selenium.remote.ErrorHandler.createThrowable(ErrorHandler.java:214)
	at org.openqa.selenium.remote.ErrorHandler.throwIfResponseFailed(ErrorHandler.java:166)
	at org.openqa.selenium.remote.http.JsonHttpResponseCodec.reconstructValue(JsonHttpResponseCodec.java:40)
	at org.openqa.selenium.remote.http.AbstractHttpResponseCodec.decode(AbstractHttpResponseCodec.java:80)
	at org.openqa.selenium.remote.http.AbstractHttpResponseCodec.decode(AbstractHttpResponseCodec.java:44)
	at org.openqa.selenium.remote.HttpCommandExecutor.execute(HttpCommandExecutor.java:158)
	at org.openqa.selenium.remote.service.DriverCommandExecutor.execute(DriverCommandExecutor.java:83)
	at org.openqa.selenium.remote.RemoteWebDriver.execute(RemoteWebDriver.java:545)
	at org.openqa.selenium.remote.RemoteWebDriver.findElement(RemoteWebDriver.java:319)
	at org.openqa.selenium.remote.RemoteWebDriver.findElementByClassName(RemoteWebDriver.java:405)
	at org.openqa.selenium.By$ByClassName.findElement(By.java:391)
	at org.openqa.selenium.remote.RemoteWebDriver.findElement(RemoteWebDriver.java:311)
	at src.User_registration.user(User_registration.java:85)
	at sun.reflect.NativeMethodAccessorImpl.invoke0(Native Method)
	at sun.reflect.NativeMethodAccessorImpl.invoke(Unknown Source)
	at sun.reflect.DelegatingMethodAccessorImpl.invoke(Unknown Source)
	at java.lang.reflect.Method.invoke(Unknown Source)
	at org.testng.internal.MethodInvocationHelper.invokeMethod(MethodInvocationHelper.java:86)
	at org.testng.internal.Invoker.invokeMethod(Invoker.java:645)
	at org.testng.internal.Invoker.invokeTestMethod(Invoker.java:822)
	at org.testng.internal.Invoker.invokeTestMethods(Invoker.java:1130)
	at org.testng.internal.TestMethodWorker.invokeTestMethods(TestMethodWorker.java:129)
	at org.testng.internal.TestMethodWorker.run(TestMethodWorker.java:112)
	at org.testng.TestRunner.privateRun(TestRunner.java:782)
	at org.testng.TestRunner.run(TestRunner.java:632)
	at org.testng.SuiteRunner.runTest(SuiteRunner.java:366)
	at org.testng.SuiteRunner.runSequentially(SuiteRunner.java:361)
	at org.testng.SuiteRunner.privateRun(SuiteRunner.java:319)
	at org.testng.SuiteRunner.run(SuiteRunner.java:268)
	at org.testng.SuiteRunnerWorker.runSuite(SuiteRunnerWorker.java:52)
	at org.testng.SuiteRunnerWorker.run(SuiteRunnerWorker.java:86)
	at org.testng.TestNG.runSuitesSequentially(TestNG.java:1244)
	at org.testng.TestNG.runSuitesLocally(TestNG.java:1169)
	at org.testng.TestNG.run(TestNG.java:1064)
	at org.testng.remote.RemoteTestNG.run(RemoteTestNG.java:113)
	at org.testng.remote.RemoteTestNG.initAndRun(RemoteTestNG.java:206)
	at org.testng.remote.RemoteTestNG.main(RemoteTestNG.java:177)
]]>
            </full-stacktrace>
          </exception> <!-- org.openqa.selenium.NoSuchElementException -->
          <reporter-output>
          </reporter-output>
        </test-method> <!-- user -->
      </class> <!-- src.User_registration -->
    </test> <!-- Default test -->
  </suite> <!-- Default suite -->
</testng-results>
