<?xml version="1.0" encoding="UTF-8"?>
<testng-results skipped="0" failed="0" total="2" passed="2">
  <reporter-output>
  </reporter-output>
  <suite name="Default suite" duration-ms="41901" started-at="2019-03-05T12:33:09Z" finished-at="2019-03-05T12:33:51Z">
    <groups>
    </groups>
    <test name="Default test" duration-ms="41901" started-at="2019-03-05T12:33:09Z" finished-at="2019-03-05T12:33:51Z">
      <class name="src.Csv_upload_test">
        <test-method status="PASS" signature="Browserlaunch()[pri:1, instance:src.Csv_upload_test@21a06946]" name="Browserlaunch" duration-ms="10369" started-at="2019-03-05T18:03:09Z" finished-at="2019-03-05T18:03:19Z">
          <reporter-output>
          </reporter-output>
        </test-method> <!-- Browserlaunch -->
        <test-method status="PASS" signature="file()[pri:2, instance:src.Csv_upload_test@21a06946]" name="file" duration-ms="31473" started-at="2019-03-05T18:03:19Z" finished-at="2019-03-05T18:03:51Z">
          <reporter-output>
          </reporter-output>
        </test-method> <!-- file -->
      </class> <!-- src.Csv_upload_test -->
    </test> <!-- Default test -->
  </suite> <!-- Default suite -->
</testng-results>
