<?xml version="1.0" encoding="UTF-8"?>
<testng-results ignored="0" total="25" passed="25" failed="0" skipped="0">
  <reporter-output>
  </reporter-output>
  <suite started-at="2019-02-28T09:27:09Z" name="Default suite" finished-at="2019-02-28T09:30:53Z" duration-ms="224146">
    <groups>
    </groups>
    <test started-at="2019-02-28T09:27:09Z" name="Default test" finished-at="2019-02-28T09:30:53Z" duration-ms="224146">
      <class name="src.Main_automationpage">
        <test-method signature="browserlaunch()[pri:1, instance:src.Main_automationpage@757277dc]" started-at="2019-02-28T09:27:09Z" name="browserlaunch" finished-at="2019-02-28T09:27:51Z" duration-ms="42170" status="PASS">
          <reporter-output>
          </reporter-output>
        </test-method> <!-- browserlaunch -->
        <test-method signature="checkvalidation()[pri:2, instance:src.Main_automationpage@757277dc]" started-at="2019-02-28T09:27:51Z" name="checkvalidation" finished-at="2019-02-28T09:27:53Z" duration-ms="1889" status="PASS">
          <reporter-output>
          </reporter-output>
        </test-method> <!-- checkvalidation -->
        <test-method signature="companyname()[pri:3, instance:src.Main_automationpage@757277dc]" started-at="2019-02-28T09:27:53Z" name="companyname" finished-at="2019-02-28T09:27:54Z" duration-ms="969" status="PASS">
          <reporter-output>
          </reporter-output>
        </test-method> <!-- companyname -->
        <test-method signature="lastnamereal()[pri:4, instance:src.Main_automationpage@757277dc]" started-at="2019-02-28T09:27:54Z" name="lastnamereal" finished-at="2019-02-28T09:27:55Z" depends-on-methods="src.Main_automationpage.checkvalidation" duration-ms="834" status="PASS">
          <reporter-output>
          </reporter-output>
        </test-method> <!-- lastnamereal -->
        <test-method signature="firstnamereal()[pri:5, instance:src.Main_automationpage@757277dc]" started-at="2019-02-28T09:27:55Z" name="firstnamereal" finished-at="2019-02-28T09:27:55Z" depends-on-methods="src.Main_automationpage.checkvalidation" duration-ms="381" status="PASS">
          <reporter-output>
          </reporter-output>
        </test-method> <!-- firstnamereal -->
        <test-method signature="ph_number_real()[pri:6, instance:src.Main_automationpage@757277dc]" started-at="2019-02-28T09:27:55Z" name="ph_number_real" finished-at="2019-02-28T09:27:56Z" depends-on-methods="src.Main_automationpage.checkvalidation" duration-ms="893" status="PASS">
          <reporter-output>
          </reporter-output>
        </test-method> <!-- ph_number_real -->
        <test-method signature="email_real()[pri:7, instance:src.Main_automationpage@757277dc]" started-at="2019-02-28T09:27:56Z" name="email_real" finished-at="2019-02-28T09:27:58Z" depends-on-methods="src.Main_automationpage.checkvalidation" duration-ms="1259" status="PASS">
          <reporter-output>
          </reporter-output>
        </test-method> <!-- email_real -->
        <test-method signature="password_real()[pri:8, instance:src.Main_automationpage@757277dc]" started-at="2019-02-28T09:27:58Z" name="password_real" finished-at="2019-02-28T09:27:59Z" depends-on-methods="src.Main_automationpage.checkvalidation" duration-ms="1064" status="PASS">
          <reporter-output>
          </reporter-output>
        </test-method> <!-- password_real -->
        <test-method signature="confirm_password_real()[pri:9, instance:src.Main_automationpage@757277dc]" started-at="2019-02-28T09:27:59Z" name="confirm_password_real" finished-at="2019-02-28T09:28:00Z" depends-on-methods="src.Main_automationpage.checkvalidation" duration-ms="986" status="PASS">
          <reporter-output>
          </reporter-output>
        </test-method> <!-- confirm_password_real -->
        <test-method signature="checkbox()[pri:10, instance:src.Main_automationpage@757277dc]" started-at="2019-02-28T09:28:00Z" name="checkbox" finished-at="2019-02-28T09:28:08Z" depends-on-methods="src.Main_automationpage.checkvalidation" duration-ms="8018" status="PASS">
          <reporter-output>
          </reporter-output>
        </test-method> <!-- checkbox -->
        <test-method signature="yopmail()[pri:11, instance:src.Main_automationpage@757277dc]" started-at="2019-02-28T09:28:08Z" name="yopmail" finished-at="2019-02-28T09:29:02Z" depends-on-methods="src.Main_automationpage.checkvalidation" duration-ms="53827" status="PASS">
          <reporter-output>
          </reporter-output>
        </test-method> <!-- yopmail -->
        <test-method signature="admin()[pri:12, instance:src.Main_automationpage@757277dc]" started-at="2019-02-28T09:29:02Z" name="admin" finished-at="2019-02-28T09:29:02Z" depends-on-methods="src.Main_automationpage.checkvalidation" duration-ms="826" status="PASS">
          <reporter-output>
          </reporter-output>
        </test-method> <!-- admin -->
        <test-method signature="department()[pri:13, instance:src.Main_automationpage@757277dc]" started-at="2019-02-28T09:29:02Z" name="department" finished-at="2019-02-28T09:29:08Z" depends-on-methods="src.Main_automationpage.checkvalidation" duration-ms="5282" status="PASS">
          <reporter-output>
          </reporter-output>
        </test-method> <!-- department -->
        <test-method signature="dept_real()[pri:14, instance:src.Main_automationpage@757277dc]" started-at="2019-02-28T09:29:08Z" name="dept_real" finished-at="2019-02-28T09:29:11Z" depends-on-methods="src.Main_automationpage.department" duration-ms="3120" status="PASS">
          <reporter-output>
          </reporter-output>
        </test-method> <!-- dept_real -->
        <test-method signature="parent_dept()[pri:15, instance:src.Main_automationpage@757277dc]" started-at="2019-02-28T09:29:11Z" name="parent_dept" finished-at="2019-02-28T09:29:16Z" depends-on-methods="src.Main_automationpage.department" duration-ms="4866" status="PASS">
          <reporter-output>
          </reporter-output>
        </test-method> <!-- parent_dept -->
        <test-method signature="dept_c_dept()[pri:16, instance:src.Main_automationpage@757277dc]" started-at="2019-02-28T09:29:16Z" name="dept_c_dept" finished-at="2019-02-28T09:29:33Z" depends-on-methods="src.Main_automationpage.department" duration-ms="17691" status="PASS">
          <reporter-output>
          </reporter-output>
        </test-method> <!-- dept_c_dept -->
        <test-method signature="dept_download()[pri:17, instance:src.Main_automationpage@757277dc]" started-at="2019-02-28T09:29:33Z" name="dept_download" finished-at="2019-02-28T09:29:40Z" depends-on-methods="src.Main_automationpage.checkvalidation" duration-ms="6290" status="PASS">
          <reporter-output>
          </reporter-output>
        </test-method> <!-- dept_download -->
        <test-method signature="position()[pri:18, instance:src.Main_automationpage@757277dc]" started-at="2019-02-28T09:29:40Z" name="position" finished-at="2019-02-28T09:29:43Z" depends-on-methods="src.Main_automationpage.checkvalidation" duration-ms="3704" status="PASS">
          <reporter-output>
          </reporter-output>
        </test-method> <!-- position -->
        <test-method signature="real_position()[pri:19, instance:src.Main_automationpage@757277dc]" started-at="2019-02-28T09:29:43Z" name="real_position" finished-at="2019-02-28T09:30:01Z" depends-on-methods="src.Main_automationpage.checkvalidation" duration-ms="17162" status="PASS">
          <reporter-output>
          </reporter-output>
        </test-method> <!-- real_position -->
        <test-method signature="user_enter()[pri:20, instance:src.Main_automationpage@757277dc]" started-at="2019-02-28T09:30:01Z" name="user_enter" finished-at="2019-02-28T09:30:03Z" depends-on-methods="src.Main_automationpage.checkvalidation" duration-ms="2434" status="PASS">
          <reporter-output>
          </reporter-output>
        </test-method> <!-- user_enter -->
        <test-method signature="User_registarion()[pri:21, instance:src.Main_automationpage@757277dc]" started-at="2019-02-28T09:30:03Z" name="User_registarion" finished-at="2019-02-28T09:30:07Z" depends-on-methods="src.Main_automationpage.checkvalidation" duration-ms="4501" status="PASS">
          <reporter-output>
          </reporter-output>
        </test-method> <!-- User_registarion -->
        <test-method signature="User_submit()[pri:22, instance:src.Main_automationpage@757277dc]" started-at="2019-02-28T09:30:07Z" name="User_submit" finished-at="2019-02-28T09:30:10Z" depends-on-methods="src.Main_automationpage.checkvalidation" duration-ms="2061" status="PASS">
          <reporter-output>
          </reporter-output>
        </test-method> <!-- User_submit -->
        <test-method signature="checkbox_validation()[pri:23, instance:src.Main_automationpage@757277dc]" started-at="2019-02-28T09:30:10Z" name="checkbox_validation" finished-at="2019-02-28T09:30:13Z" depends-on-methods="src.Main_automationpage.checkvalidation" duration-ms="3391" status="PASS">
          <reporter-output>
          </reporter-output>
        </test-method> <!-- checkbox_validation -->
        <test-method signature="Enter_user2_milind()[pri:24, instance:src.Main_automationpage@757277dc]" started-at="2019-02-28T09:30:13Z" name="Enter_user2_milind" finished-at="2019-02-28T09:30:36Z" depends-on-methods="src.Main_automationpage.checkvalidation" duration-ms="23022" status="PASS">
          <reporter-output>
          </reporter-output>
        </test-method> <!-- Enter_user2_milind -->
        <test-method signature="user_chandni_edit()[pri:28, instance:src.Main_automationpage@757277dc]" started-at="2019-02-28T09:30:36Z" name="user_chandni_edit" finished-at="2019-02-28T09:30:53Z" depends-on-methods="src.Main_automationpage.checkvalidation" duration-ms="17334" status="PASS">
          <reporter-output>
          </reporter-output>
        </test-method> <!-- user_chandni_edit -->
      </class> <!-- src.Main_automationpage -->
    </test> <!-- Default test -->
  </suite> <!-- Default suite -->
</testng-results>
