<?xml version="1.0" encoding="UTF-8"?>
<testng-results ignored="0" total="2" passed="2" failed="0" skipped="0">
  <reporter-output>
  </reporter-output>
  <suite started-at="2019-02-19T07:48:07Z" name="Default suite" finished-at="2019-02-19T07:48:28Z" duration-ms="21031">
    <groups>
    </groups>
    <test started-at="2019-02-19T07:48:07Z" name="Default test" finished-at="2019-02-19T07:48:28Z" duration-ms="21031">
      <class name="src.NewTest">
        <test-method signature="Browserlaunch()[pri:1, instance:src.NewTest@33c911a1]" started-at="2019-02-19T07:48:07Z" name="Browserlaunch" finished-at="2019-02-19T07:48:17Z" duration-ms="9820" status="PASS">
          <reporter-output>
          </reporter-output>
        </test-method> <!-- Browserlaunch -->
        <test-method signature="file()[pri:2, instance:src.NewTest@33c911a1]" started-at="2019-02-19T07:48:17Z" name="file" finished-at="2019-02-19T07:48:28Z" duration-ms="11112" status="PASS">
          <reporter-output>
          </reporter-output>
        </test-method> <!-- file -->
      </class> <!-- src.NewTest -->
    </test> <!-- Default test -->
  </suite> <!-- Default suite -->
</testng-results>
